0 info it worked if it ends with ok
1 verbose cli [ '/Users/Jibola/.nvm/versions/node/v6.2.0/bin/node',
1 verbose cli   '/Users/Jibola/.nvm/versions/node/v6.2.0/bin/npm',
1 verbose cli   'run',
1 verbose cli   'lint' ]
2 info using npm@3.8.9
3 info using node@v6.2.0
4 verbose run-script [ 'prelint', 'lint', 'postlint' ]
5 info lifecycle tangong-api@1.0.0~prelint: tangong-api@1.0.0
6 silly lifecycle tangong-api@1.0.0~prelint: no script for prelint, continuing
7 info lifecycle tangong-api@1.0.0~lint: tangong-api@1.0.0
8 verbose lifecycle tangong-api@1.0.0~lint: unsafe-perm in lifecycle true
9 verbose lifecycle tangong-api@1.0.0~lint: PATH: /Users/Jibola/.nvm/versions/node/v6.2.0/lib/node_modules/npm/bin/node-gyp-bin:/Users/Jibola/workspace/tangong-api/node_modules/.bin:/Users/Jibola/.nvm/versions/node/v6.2.0/bin:/Users/Jibola/.nvm/versions/node/v6.2.0/bin:/Users/Jibola/.rvm/gems/ruby-2.3.1/bin:/Users/Jibola/.rvm/gems/ruby-2.3.1@global/bin:/Users/Jibola/.rvm/rubies/ruby-2.3.1/bin:~/.composer/vendor/bin:/usr/local/bin:/usr/bin:/bin:/usr/sbin:/sbin:/Users/jibola/shell_scripts:/Users/Jibola/.rvm/bin
10 verbose lifecycle tangong-api@1.0.0~lint: CWD: /Users/Jibola/workspace/tangong-api
11 silly lifecycle tangong-api@1.0.0~lint: Args: [ '-c', 'esw src' ]
12 silly lifecycle tangong-api@1.0.0~lint: Returned: code: 1  signal: null
13 info lifecycle tangong-api@1.0.0~lint: Failed to exec lint script
14 verbose stack Error: tangong-api@1.0.0 lint: `esw src`
14 verbose stack Exit status 1
14 verbose stack     at EventEmitter.<anonymous> (/Users/Jibola/.nvm/versions/node/v6.2.0/lib/node_modules/npm/lib/utils/lifecycle.js:245:16)
14 verbose stack     at emitTwo (events.js:106:13)
14 verbose stack     at EventEmitter.emit (events.js:191:7)
14 verbose stack     at ChildProcess.<anonymous> (/Users/Jibola/.nvm/versions/node/v6.2.0/lib/node_modules/npm/lib/utils/spawn.js:24:14)
14 verbose stack     at emitTwo (events.js:106:13)
14 verbose stack     at ChildProcess.emit (events.js:191:7)
14 verbose stack     at maybeClose (internal/child_process.js:850:16)
14 verbose stack     at Process.ChildProcess._handle.onexit (internal/child_process.js:215:5)
15 verbose pkgid tangong-api@1.0.0
16 verbose cwd /Users/Jibola/workspace/tangong-api
17 error Darwin 16.0.0
18 error argv "/Users/Jibola/.nvm/versions/node/v6.2.0/bin/node" "/Users/Jibola/.nvm/versions/node/v6.2.0/bin/npm" "run" "lint"
19 error node v6.2.0
20 error npm  v3.8.9
21 error code ELIFECYCLE
22 error tangong-api@1.0.0 lint: `esw src`
22 error Exit status 1
23 error Failed at the tangong-api@1.0.0 lint script 'esw src'.
23 error Make sure you have the latest version of node.js and npm installed.
23 error If you do, this is most likely a problem with the tangong-api package,
23 error not with npm itself.
23 error Tell the author that this fails on your system:
23 error     esw src
23 error You can get information on how to open an issue for this project with:
23 error     npm bugs tangong-api
23 error Or if that isn't available, you can get their info via:
23 error     npm owner ls tangong-api
23 error There is likely additional logging output above.
24 verbose exit [ 1, true ]
